TIME           COMM             TID     PID     PPID    EXIT CODE SIGNALS
06-05_16:40:30 multiThread.bin  297186  297183  170247  0         139
Stack Trace:
    0xffffffffb74a8611 do_exit+0x1
    0xffffffffb74b7c11 get_signal+0x171
    0xffffffffb7436f42 arch_do_signal_or_restart+0xf2
    0xffffffffb753c20f exit_to_user_mode_prepare+0x12f
    0xffffffffb7ffa2b9 irqentry_exit_to_user_mode+0x9
    0xffffffffb7ffa2e9 irqentry_exit+0x19
    0xffffffffb7ff9d8f exc_page_fault+0x8f
    0xffffffffb8200ace asm_exc_page_fault+0x1e
[Dependencies] Dynamic Libs:
561e147f0000-561e147f1000 r--p 00000000 39008000:05 2505103 /home/tz/os/competition/OScomp/crashtest/multiThread.bin
561e147f1000-561e147f2000 r-xp 00002000 39008000:05 2505103 /home/tz/os/competition/OScomp/crashtest/multiThread.bin
561e147f2000-561e147f3000 r--p 00004000 39008000:05 2505103 /home/tz/os/competition/OScomp/crashtest/multiThread.bin
561e147f3000-561e147f4000 r--p 00004000 39008000:05 2505103 /home/tz/os/competition/OScomp/crashtest/multiThread.bin
561e147f4000-561e147f5000 rw-p 00006000 39008000:05 2505103 /home/tz/os/competition/OScomp/crashtest/multiThread.bin
7f95e4c42000-7f95e4c48000 r--p 00000000 39008000:05 657553 /usr/lib/x86_64-linux-gnu/libpthread-2.31.so
7f95e4c48000-7f95e4c59000 r-xp 0000c000 39008000:05 657553 /usr/lib/x86_64-linux-gnu/libpthread-2.31.so
7f95e4c59000-7f95e4c5f000 r--p 0002e000 39008000:05 657553 /usr/lib/x86_64-linux-gnu/libpthread-2.31.so
7f95e4c5f000-7f95e4c60000 r--p 00038000 39008000:05 657553 /usr/lib/x86_64-linux-gnu/libpthread-2.31.so
7f95e4c60000-7f95e4c61000 rw-p 0003a000 39008000:05 657553 /usr/lib/x86_64-linux-gnu/libpthread-2.31.so
7f95e4c65000-7f95e4c66000 r--p 00000000 39008000:05 657541 /usr/lib/x86_64-linux-gnu/libdl-2.31.so
7f95e4c66000-7f95e4c68000 r-xp 00002000 39008000:05 657541 /usr/lib/x86_64-linux-gnu/libdl-2.31.so
7f95e4c68000-7f95e4c69000 r--p 00006000 39008000:05 657541 /usr/lib/x86_64-linux-gnu/libdl-2.31.so
7f95e4c69000-7f95e4c6a000 r--p 00006000 39008000:05 657541 /usr/lib/x86_64-linux-gnu/libdl-2.31.so
7f95e4c6a000-7f95e4c6b000 rw-p 00008000 39008000:05 657541 /usr/lib/x86_64-linux-gnu/libdl-2.31.so
7f95e4c6b000-7f95e4c8d000 r--p 00000000 39008000:05 657540 /usr/lib/x86_64-linux-gnu/libc-2.31.so
7f95e4c8d000-7f95e4e05000 r-xp 00044000 39008000:05 657540 /usr/lib/x86_64-linux-gnu/libc-2.31.so
7f95e4e05000-7f95e4e53000 r--p 00334000 39008000:05 657540 /usr/lib/x86_64-linux-gnu/libc-2.31.so
7f95e4e53000-7f95e4e57000 r--p 003ce000 39008000:05 657540 /usr/lib/x86_64-linux-gnu/libc-2.31.so
7f95e4e57000-7f95e4e59000 rw-p 003d6000 39008000:05 657540 /usr/lib/x86_64-linux-gnu/libc-2.31.so
7f95e4e5d000-7f95e4e66000 r--p 00000000 39008000:05 662621 /usr/lib/x86_64-linux-gnu/libgomp.so.1.0.0

