TIME           COMM             TID     PID     PPID    EXIT CODE SIGNALS
06-05_16:35:17 multiThread.bin  293908  293905  170247  0         139
Stack Trace:
    0xffffffffb74a8611 do_exit+0x1
    0xffffffffb74b7c11 get_signal+0x171
    0xffffffffb7436f42 arch_do_signal_or_restart+0xf2
    0xffffffffb753c20f exit_to_user_mode_prepare+0x12f
    0xffffffffb7ffa2b9 irqentry_exit_to_user_mode+0x9
    0xffffffffb7ffa2e9 irqentry_exit+0x19
    0xffffffffb7ff9d8f exc_page_fault+0x8f
    0xffffffffb8200ace asm_exc_page_fault+0x1e
[Dependencies] Dynamic Libs:
560bca756000-560bca757000 r--p 00000000 38008000:05 2505103 /os/competition/OScomp/crashtest/multiThread.bin
560bca757000-560bca758000 r-xp 00002000 38008000:05 2505103 /os/competition/OScomp/crashtest/multiThread.bin
560bca758000-560bca759000 r--p 00004000 38008000:05 2505103 /os/competition/OScomp/crashtest/multiThread.bin
560bca759000-560bca75a000 r--p 00004000 38008000:05 2505103 /os/competition/OScomp/crashtest/multiThread.bin
560bca75a000-560bca75b000 rw-p 00006000 38008000:05 2505103 /os/competition/OScomp/crashtest/multiThread.bin
7fabb1f7a000-7fabb1f80000 r--p 00000000 39008000:05 657553 /usr/lib/x86_64-linux-gnu/libpthread-2.31.so
7fabb1f80000-7fabb1f91000 r-xp 0000c000 39008000:05 657553 /usr/lib/x86_64-linux-gnu/libpthread-2.31.so
7fabb1f91000-7fabb1f97000 r--p 0002e000 39008000:05 657553 /usr/lib/x86_64-linux-gnu/libpthread-2.31.so
7fabb1f97000-7fabb1f98000 r--p 00038000 39008000:05 657553 /usr/lib/x86_64-linux-gnu/libpthread-2.31.so
7fabb1f98000-7fabb1f99000 rw-p 0003a000 39008000:05 657553 /usr/lib/x86_64-linux-gnu/libpthread-2.31.so
7fabb1f9d000-7fabb1f9e000 r--p 00000000 39008000:05 657541 /usr/lib/x86_64-linux-gnu/libdl-2.31.so
7fabb1f9e000-7fabb1fa0000 r-xp 00002000 39008000:05 657541 /usr/lib/x86_64-linux-gnu/libdl-2.31.so
7fabb1fa0000-7fabb1fa1000 r--p 00006000 39008000:05 657541 /usr/lib/x86_64-linux-gnu/libdl-2.31.so
7fabb1fa1000-7fabb1fa2000 r--p 00006000 39008000:05 657541 /usr/lib/x86_64-linux-gnu/libdl-2.31.so
7fabb1fa2000-7fabb1fa3000 rw-p 00008000 39008000:05 657541 /usr/lib/x86_64-linux-gnu/libdl-2.31.so
7fabb1fa3000-7fabb1fc5000 r--p 00000000 39008000:05 657540 /usr/lib/x86_64-linux-gnu/libc-2.31.so
7fabb1fc5000-7fabb213d000 r-xp 00044000 39008000:05 657540 /usr/lib/x86_64-linux-gnu/libc-2.31.so
7fabb213d000-7fabb218b000 r--p 00334000 39008000:05 657540 /usr/lib/x86_64-linux-gnu/libc-2.31.so
7fabb218b000-7fabb218f000 r--p 003ce000 39008000:05 657540 /usr/lib/x86_64-linux-gnu/libc-2.31.so
7fabb218f000-7fabb2191000 rw-p 003d6000 39008000:05 657540 /usr/lib/x86_64-linux-gnu/libc-2.31.so
Hi
