TIME           COMM             TID     PID     PPID    EXIT CODE SIGNALS
06-05_16:36:28 multiThread.bin  295128  295125  170247  0         139
Stack Trace:
    0xffffffffb74a8611 do_exit+0x1
    0xffffffffb74b7c11 get_signal+0x171
    0xffffffffb7436f42 arch_do_signal_or_restart+0xf2
    0xffffffffb753c20f exit_to_user_mode_prepare+0x12f
    0xffffffffb7ffa2b9 irqentry_exit_to_user_mode+0x9
    0xffffffffb7ffa2e9 irqentry_exit+0x19
    0xffffffffb7ff9d8f exc_page_fault+0x8f
    0xffffffffb8200ace asm_exc_page_fault+0x1e
[Dependencies] Dynamic Libs:
563c9ef00000-563c9ef01000 r--p 00000000 38008000:05 2505103 /os/competition/OScomp/crashtest/multiThread.bin
563c9ef01000-563c9ef02000 r-xp 00002000 38008000:05 2505103 /os/competition/OScomp/crashtest/multiThread.bin
563c9ef02000-563c9ef03000 r--p 00004000 38008000:05 2505103 /os/competition/OScomp/crashtest/multiThread.bin
563c9ef03000-563c9ef04000 r--p 00004000 38008000:05 2505103 /os/competition/OScomp/crashtest/multiThread.bin
563c9ef04000-563c9ef05000 rw-p 00006000 38008000:05 2505103 /os/competition/OScomp/crashtest/multiThread.bin
7fcad2ea4000-7fcad2eaa000 r--p 00000000 39008000:05 657553 /usr/lib/x86_64-linux-gnu/libpthread-2.31.so
7fcad2eaa000-7fcad2ebb000 r-xp 0000c000 39008000:05 657553 /usr/lib/x86_64-linux-gnu/libpthread-2.31.so
7fcad2ebb000-7fcad2ec1000 r--p 0002e000 39008000:05 657553 /usr/lib/x86_64-linux-gnu/libpthread-2.31.so
7fcad2ec1000-7fcad2ec2000 r--p 00038000 39008000:05 657553 /usr/lib/x86_64-linux-gnu/libpthread-2.31.so
7fcad2ec2000-7fcad2ec3000 rw-p 0003a000 39008000:05 657553 /usr/lib/x86_64-linux-gnu/libpthread-2.31.so
7fcad2ec7000-7fcad2ec8000 r--p 00000000 39008000:05 657541 /usr/lib/x86_64-linux-gnu/libdl-2.31.so
7fcad2ec8000-7fcad2eca000 r-xp 00002000 39008000:05 657541 /usr/lib/x86_64-linux-gnu/libdl-2.31.so
7fcad2eca000-7fcad2ecb000 r--p 00006000 39008000:05 657541 /usr/lib/x86_64-linux-gnu/libdl-2.31.so
7fcad2ecb000-7fcad2ecc000 r--p 00006000 39008000:05 657541 /usr/lib/x86_64-linux-gnu/libdl-2.31.so
7fcad2ecc000-7fcad2ecd000 rw-p 00008000 39008000:05 657541 /usr/lib/x86_64-linux-gnu/libdl-2.31.so
7fcad2ecd000-7fcad2eef000 r--p 00000000 39008000:05 657540 /usr/lib/x86_64-linux-gnu/libc-2.31.so
7fcad2eef000-7fcad3067000 r-xp 00044000 39008000:05 657540 /usr/lib/x86_64-linux-gnu/libc-2.31.so
7fcad3067000-7fcad30b5000 r--p 00334000 39008000:05 657540 /usr/lib/x86_64-linux-gnu/libc-2.31.so
7fcad30b5000-7fcad30b9000 r--p 003ce000 39008000:05 657540 /usr/lib/x86_64-linux-gnu/libc-2.31.so
7fcad30b9000-7fcad30bb000 rw-p 003d6000 39008000:05 657540 /usr/lib/x86_64-linux-gnu/libc-2.31.so

