TIME           COMM             TID     PID     PPID    EXIT CODE SIGNALS
06-05_16:35:56 multiThread.bin  294488  294486  170247  0         11
Stack Trace:
    0xffffffffb74a8611 do_exit+0x1
    0xffffffffb74b7c11 get_signal+0x171
    0xffffffffb7436f42 arch_do_signal_or_restart+0xf2
    0xffffffffb753c20f exit_to_user_mode_prepare+0x12f
    0xffffffffb7ffa237 syscall_exit_to_user_mode+0x27
    0xffffffffb7ff5eae do_syscall_64+0x6e
    0xffffffffb820007c entry_SYSCALL_64_after_hwframe+0x44
[Dependencies] Dynamic Libs:
55e003748000-55e003749000 r--p 00000000 38008000:05 2505103 /os/competition/OScomp/crashtest/multiThread.bin
55e003749000-55e00374a000 r-xp 00002000 38008000:05 2505103 /os/competition/OScomp/crashtest/multiThread.bin
55e00374a000-55e00374b000 r--p 00004000 38008000:05 2505103 /os/competition/OScomp/crashtest/multiThread.bin
55e00374b000-55e00374c000 r--p 00004000 38008000:05 2505103 /os/competition/OScomp/crashtest/multiThread.bin
55e00374c000-55e00374d000 rw-p 00006000 38008000:05 2505103 /os/competition/OScomp/crashtest/multiThread.bin
7fb861c66000-7fb861c6c000 r--p 00000000 39008000:05 657553 /usr/lib/x86_64-linux-gnu/libpthread-2.31.so
7fb861c6c000-7fb861c7d000 r-xp 0000c000 39008000:05 657553 /usr/lib/x86_64-linux-gnu/libpthread-2.31.so
7fb861c7d000-7fb861c83000 r--p 0002e000 39008000:05 657553 /usr/lib/x86_64-linux-gnu/libpthread-2.31.so
7fb861c83000-7fb861c84000 r--p 00038000 39008000:05 657553 /usr/lib/x86_64-linux-gnu/libpthread-2.31.so
7fb861c84000-7fb861c85000 rw-p 0003a000 39008000:05 657553 /usr/lib/x86_64-linux-gnu/libpthread-2.31.so
7fb861c89000-7fb861c8a000 r--p 00000000 39008000:05 657541 /usr/lib/x86_64-linux-gnu/libdl-2.31.so
7fb861c8a000-7fb861c8c000 r-xp 00002000 39008000:05 657541 /usr/lib/x86_64-linux-gnu/libdl-2.31.so
7fb861c8c000-7fb861c8d000 r--p 00006000 39008000:05 657541 /usr/lib/x86_64-linux-gnu/libdl-2.31.so
7fb861c8d000-7fb861c8e000 r--p 00006000 39008000:05 657541 /usr/lib/x86_64-linux-gnu/libdl-2.31.so
7fb861c8e000-7fb861c8f000 rw-p 00008000 39008000:05 657541 /usr/lib/x86_64-linux-gnu/libdl-2.31.so
7fb861c8f000-7fb861cb1000 r--p 00000000 39008000:05 657540 /usr/lib/x86_64-linux-gnu/libc-2.31.so
7fb861cb1000-7fb861e29000 r-xp 00044000 39008000:05 657540 /usr/lib/x86_64-linux-gnu/libc-2.31.so
7fb861e29000-7fb861e77000 r--p 00334000 39008000:05 657540 /usr/lib/x86_64-linux-gnu/libc-2.31.so
7fb861e77000-7fb861e7b000 r--p 003ce000 39008000:05 657540 /usr/lib/x86_64-linux-gnu/libc-2.31.so
7fb861e7b000-7fb861e7d000 rw-p 003d6000 39008000:05 657540 /usr/lib/x86_64-linux-gnu/libc-2.31.so
7fb861e81000-7fb861e8a000 r--p 00000000 39008000:05 662621 /usr/lib/x86_64-linux-gnu/libgomp.so.1.0.0

